<?xml version="1.0" encoding="UTF-8"?>
<!-- Generated by org.testng.reporters.JUnitXMLReporter -->
<testsuite ignored="0" hostname="Bose_ThinkPad" failures="0" tests="9" name="Default test" time="60.418" errors="0" timestamp="2024-09-04T13:34:28 PDT">
  <testcase classname="com.saucedemo.test.LoginPageTests" name="testLoginPageTitle" time="0.027"/>
  <testcase classname="com.saucedemo.test.LoginPageTests" name="testLoginFunction" time="3.513"/>
  <testcase classname="com.saucedemo.test.LoginPageTests" name="testLoginFunction" time="3.875"/>
  <testcase classname="com.saucedemo.test.LoginPageTests" name="testLoginFunction" time="3.392"/>
  <testcase classname="com.saucedemo.test.LoginPageTests" name="testLoginFunction" time="3.389"/>
  <testcase classname="com.saucedemo.test.LoginPageTests" name="testLoginFunction" time="8.504"/>
  <testcase classname="com.saucedemo.test.LoginPageTests" name="testUsernameBlank" time="3.327"/>
  <testcase classname="com.saucedemo.test.LoginPageTests" name="testPasswordBlank" time="3.775"/>
  <testcase classname="com.saucedemo.test.LoginPageTests" name="testInvalidUser" time="3.383"/>
</testsuite> <!-- Default test -->
