<?xml version="1.0" encoding="UTF-8"?>
<!-- Generated by org.testng.reporters.JUnitXMLReporter -->
<testsuite ignored="1" hostname="Bose_ThinkPad" failures="0" tests="8" name="Test" time="49.592" errors="0" timestamp="2024-09-04T09:31:53 PDT">
  <testcase classname="com.saucedemo.test.LoginPageTests" name="testLoginPageTitle" time="0.022"/>
  <testcase classname="com.saucedemo.test.LoginPageTests" name="testLoginFunction" time="3.314"/>
  <testcase classname="com.saucedemo.test.LoginPageTests" name="testLoginFunction" time="3.271"/>
  <testcase classname="com.saucedemo.test.LoginPageTests" name="testLoginFunction" time="3.338"/>
  <testcase classname="com.saucedemo.test.LoginPageTests" name="testLoginFunction" time="3.312"/>
  <testcase classname="com.saucedemo.test.LoginPageTests" name="testLoginFunction" time="8.527"/>
  <testcase classname="com.saucedemo.test.LoginPageTests" name="testUsernameBlank" time="3.962"/>
  <testcase classname="com.saucedemo.test.LoginPageTests" name="testPasswordBlank" time="3.388"/>
  <testcase classname="com.saucedemo.test.BaseTest" name="@BeforeSuite setUpReport" time="0.0">
    <ignored/>
  </testcase> <!-- @BeforeSuite setUpReport -->
</testsuite> <!-- Test -->
