<?xml version="1.0" encoding="UTF-8"?>
<testng-results ignored="0" total="1" passed="1" failed="0" skipped="0">
  <reporter-output>
  </reporter-output>
  <suite started-at="2024-09-10T14:47:41 PDT" name="Default suite" finished-at="2024-09-10T14:47:48 PDT" duration-ms="7024">
    <groups>
    </groups>
    <test started-at="2024-09-10T14:47:41 PDT" name="Default test" finished-at="2024-09-10T14:47:48 PDT" duration-ms="7024">
      <class name="com.saucedemo.test.LoginPageTests">
        <test-method is-config="true" signature="setUpReport()[pri:0, instance:com.saucedemo.test.LoginPageTests@2cb4893b]" started-at="2024-09-10T14:47:41 PDT" name="setUpReport" finished-at="2024-09-10T14:47:41 PDT" duration-ms="157" status="PASS">
          <reporter-output>
          </reporter-output>
        </test-method> <!-- setUpReport -->
        <test-method is-config="true" signature="setUp()[pri:0, instance:com.saucedemo.test.LoginPageTests@2cb4893b]" started-at="2024-09-10T14:47:41 PDT" name="setUp" finished-at="2024-09-10T14:47:47 PDT" duration-ms="6000" status="PASS">
          <reporter-output>
          </reporter-output>
        </test-method> <!-- setUp -->
        <test-method signature="testLoginInBaseClass()[pri:0, instance:com.saucedemo.test.LoginPageTests@2cb4893b]" started-at="2024-09-10T14:47:47 PDT" name="testLoginInBaseClass" finished-at="2024-09-10T14:47:47 PDT" duration-ms="439" status="PASS">
          <reporter-output>
          </reporter-output>
        </test-method> <!-- testLoginInBaseClass -->
        <test-method is-config="true" signature="tearDown(org.testng.ITestResult)[pri:0, instance:com.saucedemo.test.LoginPageTests@2cb4893b]" started-at="2024-09-10T14:47:47 PDT" name="tearDown" finished-at="2024-09-10T14:47:48 PDT" duration-ms="550" status="PASS">
          <params>
            <param index="0">
              <value>
                <![CDATA[[TestResult name=testLoginInBaseClass status=SUCCESS method=LoginPageTests.testLoginInBaseClass()[pri:0, instance:com.saucedemo.test.LoginPageTests@2cb4893b] output={null}]]]>
              </value>
            </param>
          </params>
          <reporter-output>
          </reporter-output>
        </test-method> <!-- tearDown -->
      </class> <!-- com.saucedemo.test.LoginPageTests -->
    </test> <!-- Default test -->
  </suite> <!-- Default suite -->
</testng-results>
